Using pre-set license
Built from '2022.3/staging' branch; Version is '2022.3.25f1 (530ae0ba3889) revision 5442272'; Using compiler version '192829333'; Build Type 'Release'
OS: 'Windows 10  (10.0.19045) 64bit Professional' Language: 'es' Physical Memory: 16332 MB
BatchMode: 1, IsHumanControllingUs: 0, StartBugReporterOnCrash: 0, Is64bit: 1, IsPro: 1

COMMAND LINE ARGUMENTS:
C:\Program Files\Unity\Hub\Editor\2022.3.25f1\Editor\Unity.exe
-adb2
-batchMode
-noUpm
-name
AssetImportWorker2
-projectPath
C:/Users/USER/Documents/Unity/Prueba/Waypoints
-logFile
Logs/AssetImportWorker2.log
-srvPort
53398
Successfully changed project path to: C:/Users/USER/Documents/Unity/Prueba/Waypoints
C:/Users/USER/Documents/Unity/Prueba/Waypoints
[UnityMemory] Configuration Parameters - Can be set up in boot.config
    "memorysetup-bucket-allocator-granularity=16"
    "memorysetup-bucket-allocator-bucket-count=8"
    "memorysetup-bucket-allocator-block-size=33554432"
    "memorysetup-bucket-allocator-block-count=8"
    "memorysetup-main-allocator-block-size=16777216"
    "memorysetup-thread-allocator-block-size=16777216"
    "memorysetup-gfx-main-allocator-block-size=16777216"
    "memorysetup-gfx-thread-allocator-block-size=16777216"
    "memorysetup-cache-allocator-block-size=4194304"
    "memorysetup-typetree-allocator-block-size=2097152"
    "memorysetup-profiler-bucket-allocator-granularity=16"
    "memorysetup-profiler-bucket-allocator-bucket-count=8"
    "memorysetup-profiler-bucket-allocator-block-size=33554432"
    "memorysetup-profiler-bucket-allocator-block-count=8"
    "memorysetup-profiler-allocator-block-size=16777216"
    "memorysetup-profiler-editor-allocator-block-size=1048576"
    "memorysetup-temp-allocator-size-main=16777216"
    "memorysetup-job-temp-allocator-block-size=2097152"
    "memorysetup-job-temp-allocator-block-size-background=1048576"
    "memorysetup-job-temp-allocator-reduction-small-platforms=262144"
    "memorysetup-allocator-temp-initial-block-size-main=262144"
    "memorysetup-allocator-temp-initial-block-size-worker=262144"
    "memorysetup-temp-allocator-size-background-worker=32768"
    "memorysetup-temp-allocator-size-job-worker=262144"
    "memorysetup-temp-allocator-size-preload-manager=33554432"
    "memorysetup-temp-allocator-size-nav-mesh-worker=65536"
    "memorysetup-temp-allocator-size-audio-worker=65536"
    "memorysetup-temp-allocator-size-cloud-worker=32768"
    "memorysetup-temp-allocator-size-gi-baking-worker=262144"
    "memorysetup-temp-allocator-size-gfx=262144"
Player connection [19248] Host "[IP] 192.168.1.3 [Port] 0 [Flags] 2 [Guid] 2680983742 [EditorId] 2680983742 [Version] 1048832 [Id] WindowsEditor(7,DESKTOP-F2J04AK) [Debug] 1 [PackageName] WindowsEditor [ProjectName] Editor" joined multi-casting on [225.0.0.222:54997]...

Player connection [19248] Host "[IP] 192.168.1.3 [Port] 0 [Flags] 2 [Guid] 2680983742 [EditorId] 2680983742 [Version] 1048832 [Id] WindowsEditor(7,DESKTOP-F2J04AK) [Debug] 1 [PackageName] WindowsEditor [ProjectName] Editor" joined alternative multi-casting on [225.0.0.222:34997]...

[Physics::Module] Initialized MultithreadedJobDispatcher with 15 workers.
Refreshing native plugins compatible for Editor in 6.72 ms, found 3 plugins.
Preloading 0 native plugins for Editor in 0.00 ms.
Initialize engine version: 2022.3.25f1 (530ae0ba3889)
[Subsystems] Discovering subsystems at path C:/Program Files/Unity/Hub/Editor/2022.3.25f1/Editor/Data/Resources/UnitySubsystems
[Subsystems] Discovering subsystems at path C:/Users/USER/Documents/Unity/Prueba/Waypoints/Assets
GfxDevice: creating device client; threaded=0; jobified=0
Direct3D:
    Version:  Direct3D 11.0 [level 11.1]
    Renderer: NVIDIA GeForce GTX 1650 (ID=0x1f0a)
    Vendor:   NVIDIA
    VRAM:     3935 MB
    Driver:   32.0.15.6094
Initialize mono
Mono path[0] = 'C:/Program Files/Unity/Hub/Editor/2022.3.25f1/Editor/Data/Managed'
Mono path[1] = 'C:/Program Files/Unity/Hub/Editor/2022.3.25f1/Editor/Data/MonoBleedingEdge/lib/mono/unityjit-win32'
Mono config path = 'C:/Program Files/Unity/Hub/Editor/2022.3.25f1/Editor/Data/MonoBleedingEdge/etc'
Using monoOptions --debugger-agent=transport=dt_socket,embedding=1,server=y,suspend=n,address=127.0.0.1:56148
Begin MonoManager ReloadAssembly
Registering precompiled unity dll's ...
Register platform support module: C:/Program Files/Unity/Hub/Editor/2022.3.25f1/Editor/Data/PlaybackEngines/WebGLSupport/UnityEditor.WebGL.Extensions.dll
Register platform support module: C:/Program Files/Unity/Hub/Editor/2022.3.25f1/Editor/Data/PlaybackEngines/AndroidPlayer/UnityEditor.Android.Extensions.dll
Register platform support module: C:/Program Files/Unity/Hub/Editor/2022.3.25f1/Editor/Data/PlaybackEngines/WindowsStandaloneSupport/UnityEditor.WindowsStandalone.Extensions.dll
Registered in 0.011887 seconds.
- Loaded All Assemblies, in  0.347 seconds
Native extension for WindowsStandalone target not found
Native extension for Android target not found
Android Extension - Scanning For ADB Devices 233 ms
Native extension for WebGL target not found
Mono: successfully reloaded assembly
- Finished resetting the current domain, in  0.542 seconds
Domain Reload Profiling: 888ms
	BeginReloadAssembly (100ms)
		ExecutionOrderSort (0ms)
		DisableScriptedObjects (0ms)
		BackupInstance (0ms)
		ReleaseScriptingObjects (0ms)
		CreateAndSetChildDomain (1ms)
	RebuildCommonClasses (33ms)
	RebuildNativeTypeToScriptingClass (11ms)
	initialDomainReloadingComplete (59ms)
	LoadAllAssembliesAndSetupDomain (142ms)
		LoadAssemblies (99ms)
		RebuildTransferFunctionScriptingTraits (0ms)
		AnalyzeDomain (140ms)
			TypeCache.Refresh (138ms)
				TypeCache.ScanAssembly (125ms)
			ScanForSourceGeneratedMonoScriptInfo (0ms)
			ResolveRequiredComponents (0ms)
	FinalizeReload (543ms)
		ReleaseScriptCaches (0ms)
		RebuildScriptCaches (0ms)
		SetupLoadedEditorAssemblies (488ms)
			LogAssemblyErrors (0ms)
			InitializePlatformSupportModulesInManaged (334ms)
			SetLoadedEditorAssemblies (3ms)
			RefreshPlugins (0ms)
			BeforeProcessingInitializeOnLoad (3ms)
			ProcessInitializeOnLoadAttributes (107ms)
			ProcessInitializeOnLoadMethodAttributes (40ms)
			AfterProcessingInitializeOnLoad (0ms)
			EditorAssembliesLoaded (0ms)
		ExecutionOrderSort2 (0ms)
		AwakeInstancesAfterBackupRestoration (0ms)
========================================================================
Worker process is ready to serve import requests
Begin MonoManager ReloadAssembly
- Loaded All Assemblies, in  0.634 seconds
Refreshing native plugins compatible for Editor in 3.25 ms, found 3 plugins.
Native extension for WindowsStandalone target not found
Native extension for Android target not found
Native extension for WebGL target not found
[ScriptCompilation] NOT recompiling all scripts because this is an import worker process. Reason to compile was: Define symbols changed
Mono: successfully reloaded assembly
- Finished resetting the current domain, in  0.553 seconds
Domain Reload Profiling: 1184ms
	BeginReloadAssembly (146ms)
		ExecutionOrderSort (0ms)
		DisableScriptedObjects (6ms)
		BackupInstance (0ms)
		ReleaseScriptingObjects (0ms)
		CreateAndSetChildDomain (23ms)
	RebuildCommonClasses (36ms)
	RebuildNativeTypeToScriptingClass (11ms)
	initialDomainReloadingComplete (46ms)
	LoadAllAssembliesAndSetupDomain (393ms)
		LoadAssemblies (300ms)
		RebuildTransferFunctionScriptingTraits (0ms)
		AnalyzeDomain (177ms)
			TypeCache.Refresh (158ms)
				TypeCache.ScanAssembly (144ms)
			ScanForSourceGeneratedMonoScriptInfo (14ms)
			ResolveRequiredComponents (4ms)
	FinalizeReload (554ms)
		ReleaseScriptCaches (0ms)
		RebuildScriptCaches (0ms)
		SetupLoadedEditorAssemblies (395ms)
			LogAssemblyErrors (0ms)
			InitializePlatformSupportModulesInManaged (25ms)
			SetLoadedEditorAssemblies (4ms)
			RefreshPlugins (0ms)
			BeforeProcessingInitializeOnLoad (60ms)
			ProcessInitializeOnLoadAttributes (283ms)
			ProcessInitializeOnLoadMethodAttributes (18ms)
			AfterProcessingInitializeOnLoad (6ms)
			EditorAssembliesLoaded (0ms)
		ExecutionOrderSort2 (0ms)
		AwakeInstancesAfterBackupRestoration (6ms)
Launched and connected shader compiler UnityShaderCompiler.exe after 0.03 seconds
Refreshing native plugins compatible for Editor in 2.31 ms, found 3 plugins.
Preloading 0 native plugins for Editor in 0.00 ms.
Unloading 3271 Unused Serialized files (Serialized files now loaded: 0)
Unloading 45 unused Assets / (1.8 MB). Loaded Objects now: 3723.
Memory consumption went from 141.6 MB to 139.8 MB.
Total: 2.880300 ms (FindLiveObjects: 0.273000 ms CreateObjectMapping: 0.096200 ms MarkObjects: 2.142400 ms  DeleteObjects: 0.367800 ms)

AssetImportParameters requested are different than current active one (requested -> active):
  custom:container-demuxer-ogg: 62fdf1f143b41e24485cea50d1cbac27 -> 
  custom:video-decoder-ogg-theora: a1e56fd34408186e4bbccfd4996cb3dc -> 
  custom:framework-win-MediaFoundation: 216162199b28c13a410421893ffa2e32 -> 
  custom:CustomObjectIndexerAttribute: 9a22284fe3817be447336de3de66b15e -> 
  custom:container-demuxer-webm: 4f35f7cbe854078d1ac9338744f61a02 -> 
  custom:container-muxer-webm: aa71ff27fc2769a1b78a27578f13a17b -> 
  custom:video-decoder-webm-vp8: 9c59270c3fd7afecdb556c50c9e8de78 -> 
  custom:SearchIndexIgnoredProperties: e643bd26f0fe6173181afceb89e7c659 -> 
  custom:AudioImporter_EditorPlatform: d09bf68614088b80899f8185d706f6e7 -> 
  custom:video-encoder-webm-vp8: eb34c28f22e8b96e1ab97ce403110664 -> 
  custom:audio-decoder-ogg-vorbis: bf7c407c2cedff20999df2af8eb42d56 -> 
  custom:audio-encoder-webm-vorbis: bf7c407c2cedff20999df2af8eb42d56 -> 
========================================================================
Received Import Request.
  Time since last request: 1234554.456110 seconds.
  path: Assets/SportCar/Prefabs
  artifactKey: Guid(09b86c05ab6c4514f9e1b780c6dd81a1) Importer(815301076,1909f56bfc062723c751e8b465ee728b)
Start importing Assets/SportCar/Prefabs using Guid(09b86c05ab6c4514f9e1b780c6dd81a1) Importer(815301076,1909f56bfc062723c751e8b465ee728b)  -> (artifact id: '82eebfe316d43388e6b5708142b37e30') in 0.002338 seconds
Number of updated asset objects reloaded before import = 0
Number of asset objects unloaded after import = 0
========================================================================
Received Import Request.
  Time since last request: 0.085549 seconds.
  path: Assets/SportCar/Prefabs/SportCar_1.prefab
  artifactKey: Guid(de4d60cef052cf44599a5d782e4a011e) Importer(815301076,1909f56bfc062723c751e8b465ee728b)
Start importing Assets/SportCar/Prefabs/SportCar_1.prefab using Guid(de4d60cef052cf44599a5d782e4a011e) Importer(815301076,1909f56bfc062723c751e8b465ee728b)  -> (artifact id: '2745f7961063c1fc1b432c6d0a8c420a') in 0.285524 seconds
Number of updated asset objects reloaded before import = 0
Number of asset objects unloaded after import = 34
========================================================================
Received Import Request.
  Time since last request: 4.088352 seconds.
  path: Assets/SportCar/Scenes
  artifactKey: Guid(3d65af9edff402449aa7632e8513a4da) Importer(815301076,1909f56bfc062723c751e8b465ee728b)
Start importing Assets/SportCar/Scenes using Guid(3d65af9edff402449aa7632e8513a4da) Importer(815301076,1909f56bfc062723c751e8b465ee728b)  -> (artifact id: 'e76f6d4c053f88c21bbedde302b687da') in 0.000552 seconds
Number of updated asset objects reloaded before import = 0
Number of asset objects unloaded after import = 0
========================================================================
Received Import Request.
  Time since last request: 1.766184 seconds.
  path: Assets/SportCar/Scenes/SportCar_Demo.unity
  artifactKey: Guid(a2f611d508f29ae419fe7b7c72e4c01e) Importer(815301076,1909f56bfc062723c751e8b465ee728b)
Start importing Assets/SportCar/Scenes/SportCar_Demo.unity using Guid(a2f611d508f29ae419fe7b7c72e4c01e) Importer(815301076,1909f56bfc062723c751e8b465ee728b)  -> (artifact id: '42486bbebcdb01efb92130205814f01b') in 0.000542 seconds
Number of updated asset objects reloaded before import = 0
Number of asset objects unloaded after import = 0
========================================================================
Received Import Request.
  Time since last request: 11.048645 seconds.
  path: Assets/TankRacing.unity
  artifactKey: Guid(2a334138a2ba04f5aa973bdfc10cd12d) Importer(815301076,1909f56bfc062723c751e8b465ee728b)
Start importing Assets/TankRacing.unity using Guid(2a334138a2ba04f5aa973bdfc10cd12d) Importer(815301076,1909f56bfc062723c751e8b465ee728b)  -> (artifact id: 'c83e49b54a786b91ca41e14601a2451f') in 0.000446 seconds
Number of updated asset objects reloaded before import = 0
Number of asset objects unloaded after import = 0
========================================================================
Received Import Request.
  Time since last request: 7.643125 seconds.
  path: Assets/SportCar
  artifactKey: Guid(bd2675847f210474582788ef050a150e) Importer(815301076,1909f56bfc062723c751e8b465ee728b)
Start importing Assets/SportCar using Guid(bd2675847f210474582788ef050a150e) Importer(815301076,1909f56bfc062723c751e8b465ee728b)  -> (artifact id: 'e0bf79cd85e311720315f59f90fcdf13') in 0.000395 seconds
Number of updated asset objects reloaded before import = 0
Number of asset objects unloaded after import = 0
========================================================================
Received Import Request.
  Time since last request: 1.718690 seconds.
  path: Assets/SportCar/Doc
  artifactKey: Guid(53fbbf3192e8ce640a581944cd3ba073) Importer(815301076,1909f56bfc062723c751e8b465ee728b)
Start importing Assets/SportCar/Doc using Guid(53fbbf3192e8ce640a581944cd3ba073) Importer(815301076,1909f56bfc062723c751e8b465ee728b)  -> (artifact id: 'bbef66e0791172f6fcd5081a2c508c2f') in 0.000397 seconds
Number of updated asset objects reloaded before import = 0
Number of asset objects unloaded after import = 0
========================================================================
Received Import Request.
  Time since last request: 2.207706 seconds.
  path: Assets/SportCar/Materials
  artifactKey: Guid(ab42d30a0d323c34a9c55143d790ab0a) Importer(815301076,1909f56bfc062723c751e8b465ee728b)
Start importing Assets/SportCar/Materials using Guid(ab42d30a0d323c34a9c55143d790ab0a) Importer(815301076,1909f56bfc062723c751e8b465ee728b)  -> (artifact id: '8178f17ded6dd0aef8503686a81834f8') in 0.000465 seconds
Number of updated asset objects reloaded before import = 0
Number of asset objects unloaded after import = 0
========================================================================
Received Import Request.
  Time since last request: 0.071899 seconds.
  path: Assets/SportCar/Materials/Emissive.mat
  artifactKey: Guid(8f0af2b41ee584a458ae80c07ebc70c7) Importer(815301076,1909f56bfc062723c751e8b465ee728b)
Start importing Assets/SportCar/Materials/Emissive.mat using Guid(8f0af2b41ee584a458ae80c07ebc70c7) Importer(815301076,1909f56bfc062723c751e8b465ee728b)  -> (artifact id: '1ac5c16d8eb619caf873fc4f167c09e9') in 0.042842 seconds
Number of updated asset objects reloaded before import = 0
Number of asset objects unloaded after import = 1
========================================================================
Received Import Request.
  Time since last request: 6.288962 seconds.
  path: Assets/SportCar/Models/SportCar_1/Materials
  artifactKey: Guid(3ae6ba9a24438eb4588190de676872a0) Importer(815301076,1909f56bfc062723c751e8b465ee728b)
Start importing Assets/SportCar/Models/SportCar_1/Materials using Guid(3ae6ba9a24438eb4588190de676872a0) Importer(815301076,1909f56bfc062723c751e8b465ee728b)  -> (artifact id: '000e820b0491b9a95adba4545dfb523e') in 0.000419 seconds
Number of updated asset objects reloaded before import = 0
Number of asset objects unloaded after import = 0
========================================================================
Received Import Request.
  Time since last request: 0.074425 seconds.
  path: Assets/SportCar/Models/SportCar_1/Materials/Back_Light.mat
  artifactKey: Guid(dd8d17b2540681240bdbc142d191a676) Importer(815301076,1909f56bfc062723c751e8b465ee728b)
Start importing Assets/SportCar/Models/SportCar_1/Materials/Back_Light.mat using Guid(dd8d17b2540681240bdbc142d191a676) Importer(815301076,1909f56bfc062723c751e8b465ee728b)  -> (artifact id: 'c01fd503e0863a6ae07a7a5863e6112f') in 0.016737 seconds
Number of updated asset objects reloaded before import = 0
Number of asset objects unloaded after import = 1
========================================================================
Received Import Request.
  Time since last request: 0.000021 seconds.
  path: Assets/SportCar/Models/SportCar_1/Materials/glass1.mat
  artifactKey: Guid(017b2d353e7ef4a49b22ee7ae3f42384) Importer(815301076,1909f56bfc062723c751e8b465ee728b)
Start importing Assets/SportCar/Models/SportCar_1/Materials/glass1.mat using Guid(017b2d353e7ef4a49b22ee7ae3f42384) Importer(815301076,1909f56bfc062723c751e8b465ee728b)  -> (artifact id: 'c74455ebfc9f978a1095fba859f47c80') in 0.015724 seconds
Number of updated asset objects reloaded before import = 0
Number of asset objects unloaded after import = 1
========================================================================
Received Import Request.
  Time since last request: 0.000017 seconds.
  path: Assets/SportCar/Models/SportCar_1/Materials/frontlight1.mat
  artifactKey: Guid(8a9f7f3c439975a4396dbff47b950232) Importer(815301076,1909f56bfc062723c751e8b465ee728b)
Start importing Assets/SportCar/Models/SportCar_1/Materials/frontlight1.mat using Guid(8a9f7f3c439975a4396dbff47b950232) Importer(815301076,1909f56bfc062723c751e8b465ee728b)  -> (artifact id: '2fa2b58e3e5198ab93d1111d8b27689c') in 0.016363 seconds
Number of updated asset objects reloaded before import = 0
Number of asset objects unloaded after import = 1
========================================================================
Received Import Request.
  Time since last request: 0.000014 seconds.
  path: Assets/SportCar/Models/SportCar_1/Materials/Body1 1.mat
  artifactKey: Guid(a054d5a95f9620044ad3e9f7bcdbd77d) Importer(815301076,1909f56bfc062723c751e8b465ee728b)
Start importing Assets/SportCar/Models/SportCar_1/Materials/Body1 1.mat using Guid(a054d5a95f9620044ad3e9f7bcdbd77d) Importer(815301076,1909f56bfc062723c751e8b465ee728b)  -> (artifact id: '9df95bac9faf3cdd792bd00bd6bb0a69') in 0.014363 seconds
Number of updated asset objects reloaded before import = 0
Number of asset objects unloaded after import = 1
========================================================================
Received Import Request.
  Time since last request: 0.000017 seconds.
  path: Assets/SportCar/Models/SportCar_1/Materials/rearlight1.mat
  artifactKey: Guid(261b7dbc59ac6c647bf9df60681f81a3) Importer(815301076,1909f56bfc062723c751e8b465ee728b)
Start importing Assets/SportCar/Models/SportCar_1/Materials/rearlight1.mat using Guid(261b7dbc59ac6c647bf9df60681f81a3) Importer(815301076,1909f56bfc062723c751e8b465ee728b)  -> (artifact id: '939a613922c3527d01101a76f79b9dc7') in 0.014717 seconds
Number of updated asset objects reloaded before import = 0
Number of asset objects unloaded after import = 1
========================================================================
Received Import Request.
  Time since last request: 15.904378 seconds.
  path: Assets/SportCar/Scenes/SportCar_Demo
  artifactKey: Guid(8c449a3e9af884345a2cae5e7e0ac7e9) Importer(815301076,1909f56bfc062723c751e8b465ee728b)
Start importing Assets/SportCar/Scenes/SportCar_Demo using Guid(8c449a3e9af884345a2cae5e7e0ac7e9) Importer(815301076,1909f56bfc062723c751e8b465ee728b)  -> (artifact id: '41ee542a1933ff0ca25c60c28b676720') in 0.000399 seconds
Number of updated asset objects reloaded before import = 0
Number of asset objects unloaded after import = 0
========================================================================
Received Import Request.
  Time since last request: 0.281232 seconds.
  path: Assets/SportCar/Scenes/SportCar_Demo/LightingData.asset
  artifactKey: Guid(172b157fc3570b24fb404fe05cb9cc4a) Importer(815301076,1909f56bfc062723c751e8b465ee728b)
Start importing Assets/SportCar/Scenes/SportCar_Demo/LightingData.asset using Guid(172b157fc3570b24fb404fe05cb9cc4a) Importer(815301076,1909f56bfc062723c751e8b465ee728b)  -> (artifact id: '4ac1106b4974906a3d9c4a1f6c74ce97') in 0.001132 seconds
Number of updated asset objects reloaded before import = 0
Number of asset objects unloaded after import = 2
========================================================================
Received Import Request.
  Time since last request: 0.002845 seconds.
  path: Assets/SportCar/Scenes/SportCar_Demo/ReflectionProbe-0.exr
  artifactKey: Guid(a4ff86e375bdd7a4bb53c3fe4590ee3a) Importer(815301076,1909f56bfc062723c751e8b465ee728b)
Start importing Assets/SportCar/Scenes/SportCar_Demo/ReflectionProbe-0.exr using Guid(a4ff86e375bdd7a4bb53c3fe4590ee3a) Importer(815301076,1909f56bfc062723c751e8b465ee728b)  -> (artifact id: 'f7d7dbcd3e85c2303d693557733b76ee') in 0.023480 seconds
Number of updated asset objects reloaded before import = 0
Number of asset objects unloaded after import = 1
========================================================================
Received Import Request.
  Time since last request: 11.631856 seconds.
  path: Assets/SportCar/Settings
  artifactKey: Guid(373b7d3f06647bf418f557300446c774) Importer(815301076,1909f56bfc062723c751e8b465ee728b)
Start importing Assets/SportCar/Settings using Guid(373b7d3f06647bf418f557300446c774) Importer(815301076,1909f56bfc062723c751e8b465ee728b)  -> (artifact id: '2019d15aa2a965d938b6a653b87c9719') in 0.000462 seconds
Number of updated asset objects reloaded before import = 0
Number of asset objects unloaded after import = 0
========================================================================
Received Import Request.
  Time since last request: 3.078685 seconds.
  path: Assets/SportCar/Textures
  artifactKey: Guid(4682701160002f4498272c8151a99148) Importer(815301076,1909f56bfc062723c751e8b465ee728b)
Start importing Assets/SportCar/Textures using Guid(4682701160002f4498272c8151a99148) Importer(815301076,1909f56bfc062723c751e8b465ee728b)  -> (artifact id: '27bfc7f5514d468423600428e1675f70') in 0.000415 seconds
Number of updated asset objects reloaded before import = 0
Number of asset objects unloaded after import = 0
========================================================================
Received Import Request.
  Time since last request: 0.088091 seconds.
  path: Assets/SportCar/Textures/Floor.tga
  artifactKey: Guid(c8cc414d60782494eb51778c16adfd0e) Importer(815301076,1909f56bfc062723c751e8b465ee728b)
Start importing Assets/SportCar/Textures/Floor.tga using Guid(c8cc414d60782494eb51778c16adfd0e) Importer(815301076,1909f56bfc062723c751e8b465ee728b)  -> (artifact id: '57ad0d61cf5a66f713a5515e82997932') in 0.036567 seconds
Number of updated asset objects reloaded before import = 0
Number of asset objects unloaded after import = 2
Editor requested this worker to shutdown with reason: Scaling down because of idle timeout
TcpMessagingSession - receive error: operation aborted. errorcode: 995, details: La operación de E/S se anuló por una salida de subproceso o por una solicitud de aplicación.
AssetImportWorker is now disconnected from the server
Process exiting
Exiting without the bug reporter. Application will terminate with return code 0